info it worked if it ends with ok
info using fhc@0.11.4-443
info using node@v0.10.24
silly config file /Users/dbrinza/.fhcrc
silly config file /usr/local/etc/fhcrc
silly build arg [ 'packages', 'development' ]
verbose feedhenry url https://ngui-qa-t.sandbox.feedhenry.com
silly POST box/srv/1.1/app/envvariable/list
silly url, unparsed https://ngui-qa-t.sandbox.feedhenry.com/
verbose resolveUrl - IN box/srv/1.1/app/envvariable/list
verbose resolveUrl - OUT https://ngui-qa-t.sandbox.feedhenry.com/box/srv/1.1/app/envvariable/list
verbose calling url https://ngui-qa-t.sandbox.feedhenry.com/box/srv/1.1/app/envvariable/list payload: { appId: 'LiSysXyKtwGuR2lCeumpL7Y7', env: 'dev' }
silly port 443
silly cookie feedhenry=07APkRUmEQ0qHWEo91MRLJtp;
silly nocache false
silly explain level 0
verbose getHeaders { accept: 'application/json',
verbose getHeaders   cookie: 'feedhenry=07APkRUmEQ0qHWEo91MRLJtp;',
verbose getHeaders   'User-Agent': 'FHC/0.11.4-443 darwin/13.1.0',
verbose getHeaders   'content-type': 'application/json',
verbose getHeaders   'content-length': 48 }
verbose what... { appId: 'LiSysXyKtwGuR2lCeumpL7Y7', env: 'dev' }
silly writing json { appId: 'LiSysXyKtwGuR2lCeumpL7Y7', env: 'dev' }
silly headers { accept: 'application/json',
silly headers   cookie: 'feedhenry=07APkRUmEQ0qHWEo91MRLJtp;',
silly headers   'User-Agent': 'FHC/0.11.4-443 darwin/13.1.0',
silly headers   'content-type': 'application/json',
silly headers   'content-length': 48 }
silly getProxy null
silly response headers { date: 'Wed, 16 Apr 2014 16:28:05 GMT',
silly response headers   expires: 'Sat, 6 May 1995 12:00:00 GMT',
silly response headers   'cache-control': 'no-store, no-cache, must-revalidate',
silly response headers   p3p: 'CP="ALL ADM DEV PSAi COM OUR OTRo STP IND ONL" policyref="/box/p3p.xml"',
silly response headers   pragma: 'no-cache',
silly response headers   'last-modified': 'Wed, 16 Apr 2014 16:28:05 GMT',
silly response headers   etag: '"JwSw4trN7RO-DnlzZeeZjF"',
silly response headers   'content-type': 'application/json;charset=UTF-8',
silly response headers   'content-length': '400',
silly response headers   vary: 'Accept-Encoding',
silly response headers   'keep-alive': 'timeout=5, max=100',
silly response headers   connection: 'Keep-Alive' }
silly packages Packages list: ["development","default"]
ERR! Error: listen EADDRINUSE
ERR!     at errnoException (net.js:901:11)
ERR!     at Server._listen2 (net.js:1039:14)
ERR!     at listen (net.js:1061:10)
ERR!     at Server.listen (net.js:1127:5)
ERR!     at /usr/local/lib/node_modules/fh-fhc/lib/local.js:369:22
ERR!     at /usr/local/lib/node_modules/fh-fhc/node_modules/async/lib/async.js:542:21
ERR!     at /usr/local/lib/node_modules/fh-fhc/node_modules/async/lib/async.js:222:13
ERR!     at iterate (/usr/local/lib/node_modules/fh-fhc/node_modules/async/lib/async.js:123:13)
ERR!     at /usr/local/lib/node_modules/fh-fhc/node_modules/async/lib/async.js:138:29
ERR!     at /usr/local/lib/node_modules/fh-fhc/node_modules/async/lib/async.js:224:17
ERR! 
ERR! System Darwin 13.1.0
ERR! command "node" "/usr/local/bin/fhc" "local" "LiSysXyKtwGuR2lCeumpL7Y7" "packages=development"
verbose exit [ 1, true ]
