info it worked if it ends with ok
info using fhc@0.11.4-443
info using node@v0.10.24
silly config file /Users/dbrinza/.fhcrc
silly config file /usr/local/etc/fhcrc
silly build arg [ 'packages', 'development' ]
verbose feedhenry url https://ngui-qa-t.sandbox.feedhenry.com
silly get container Getting app container from url: https://ngui-qa-t.sandbox.feedhenry.com/, domain: ngui-qa-t
verbose feedhenry url https://ngui-qa-t.sandbox.feedhenry.com/
silly POST box/srv/1.1/ide/ngui-qa-t/app/read
silly url, unparsed https://ngui-qa-t.sandbox.feedhenry.com/
verbose resolveUrl - IN box/srv/1.1/ide/ngui-qa-t/app/read
verbose resolveUrl - OUT https://ngui-qa-t.sandbox.feedhenry.com/box/srv/1.1/ide/ngui-qa-t/app/read
verbose calling url https://ngui-qa-t.sandbox.feedhenry.com/box/srv/1.1/ide/ngui-qa-t/app/read payload: { payload: { guid: 'LiSysXyKtwGuR2lCeumpL7Y7' } }
silly port 443
silly cookie feedhenry=07APkRUmEQ0qHWEo91MRLJtp;
silly nocache false
silly explain level 0
verbose getHeaders { accept: 'application/json',
verbose getHeaders   cookie: 'feedhenry=07APkRUmEQ0qHWEo91MRLJtp;',
verbose getHeaders   'User-Agent': 'FHC/0.11.4-443 darwin/13.1.0',
verbose getHeaders   'content-type': 'application/json',
verbose getHeaders   'content-length': 47 }
verbose what... { payload: { guid: 'LiSysXyKtwGuR2lCeumpL7Y7' } }
silly writing json { payload: { guid: 'LiSysXyKtwGuR2lCeumpL7Y7' } }
silly headers { accept: 'application/json',
silly headers   cookie: 'feedhenry=07APkRUmEQ0qHWEo91MRLJtp;',
silly headers   'User-Agent': 'FHC/0.11.4-443 darwin/13.1.0',
silly headers   'content-type': 'application/json',
silly headers   'content-length': 47 }
silly getProxy null
silly response headers { date: 'Thu, 03 Apr 2014 09:07:28 GMT',
silly response headers   expires: 'Sat, 6 May 1995 12:00:00 GMT',
silly response headers   'cache-control': 'no-store, no-cache, must-revalidate',
silly response headers   p3p: 'CP="ALL ADM DEV PSAi COM OUR OTRo STP IND ONL" policyref="/box/p3p.xml"',
silly response headers   pragma: 'no-cache',
silly response headers   'last-modified': 'Thu, 03 Apr 2014 09:07:28 GMT',
silly response headers   etag: '"1xVdEJK3hxq7Wr4LPJWHwF"',
silly response headers   'content-type': 'application/json;charset=UTF-8',
silly response headers   'content-length': '3547',
silly response headers   vary: 'Accept-Encoding',
silly response headers   'keep-alive': 'timeout=5, max=100',
silly response headers   connection: 'Keep-Alive' }
silly 
> kerberos@0.0.3 install /Users/dbrinza/Documents/storeFH/FHSenchaGuide/node_modules/fh-db/node_modules/mongodb/node_modules/kerberos
> (node-gyp rebuild 2> builderror.log) || (exit 0)

  CXX(target) Release/obj.target/kerberos/lib/kerberos.o
  CXX(target) Release/obj.target/kerberos/lib/worker.o
  CC(target) Release/obj.target/kerberos/lib/kerberosgss.o
  CC(target) Release/obj.target/kerberos/lib/base64.o
  CXX(target) Release/obj.target/kerberos/lib/kerberos_context.o
  SOLINK_MODULE(target) Release/kerberos.node
  SOLINK_MODULE(target) Release/kerberos.node: Finished

> bson@0.2.2 install /Users/dbrinza/Documents/storeFH/FHSenchaGuide/node_modules/fh-db/node_modules/mongodb/node_modules/bson
> (node-gyp rebuild 2> builderror.log) || (exit 0)

  CXX(target) Release/obj.target/bson/ext/bson.o
  SOLINK_MODULE(target) Release/bson.node
  SOLINK_MODULE(target) Release/bson.node: Finished
fh-db@0.4.11-264 ../../node_modules/fh-db
├── async@0.2.9
├── lodash@2.4.1
└── mongodb@1.3.19 (kerberos@0.0.3, bson@0.2.2)
 npm install fh-db stdout
silly npm http GET https://registry.npmjs.org/fh-db
npm http 304 https://registry.npmjs.org/fh-db
npm http GET https://registry.npmjs.org/async/0.2.9
npm http GET https://registry.npmjs.org/mongodb/1.3.19
npm http GET https://registry.npmjs.org/lodash
npm http 304 https://registry.npmjs.org/async/0.2.9
npm http 304 https://registry.npmjs.org/mongodb/1.3.19
npm http 304 https://registry.npmjs.org/lodash
npm http GET https://registry.npmjs.org/bson/0.2.2
npm http GET https://registry.npmjs.org/kerberos/0.0.3
npm http 304 https://registry.npmjs.org/bson/0.2.2
npm http 304 https://registry.npmjs.org/kerberos/0.0.3
 npm install fh-db stderr
WARN application.js No existing application.js file, creating
ERR! Error: ENOENT, open './cloud/application.js'
ERR! 
ERR! System Darwin 13.1.0
ERR! command "node" "/usr/local/bin/fhc" "local" "LiSysXyKtwGuR2lCeumpL7Y7" "packages=development"
verbose exit [ 34, true ]
